<?xml version="1.0" encoding="UTF-8"?>
<!-- Generated by org.testng.reporters.JUnitXMLReporter -->
<testsuite ignored="0" hostname="DESKTOP-RMUF57E" failures="0" tests="4" name="Default test" time="0.087" errors="0" timestamp="2023-08-27T19:18:19 IST">
  <testcase classname="com.SeleniumBasics.TestNgGroupingDemo" name="tc1" time="0.013"/>
  <testcase classname="com.SeleniumBasics.TestNgGroupingDemo" name="tc2" time="0.002"/>
  <testcase classname="com.SeleniumBasics.TestNgGroupingDemo" name="tc3" time="0.003"/>
  <testcase classname="com.SeleniumBasics.TestNgGroupingDemo" name="tc4" time="0.003"/>
</testsuite> <!-- Default test -->
