<?xml version="1.0" encoding="UTF-8"?>
<!-- Generated by org.testng.reporters.JUnitXMLReporter -->
<testsuite ignored="2" hostname="DESKTOP-RMUF57E" failures="0" tests="2" name="Test" time="0.051" errors="0" timestamp="2023-08-27T19:22:26 IST">
  <testcase classname="com.SeleniumBasics.TestNgGroupingDemo" name="tc2" time="0.009"/>
  <testcase classname="com.SeleniumBasics.TestNgGroupingDemo" name="tc3" time="0.002"/>
  <testcase classname="com.SeleniumBasics.TestNgGroupingDemo" name="tc4" time="0.0">
    <ignored/>
  </testcase> <!-- tc4 -->
  <testcase classname="com.SeleniumBasics.TestNgGroupingDemo" name="tc1" time="0.0">
    <ignored/>
  </testcase> <!-- tc1 -->
</testsuite> <!-- Test -->
