<?xml version="1.0" encoding="UTF-8"?>
<testng-results ignored="0" total="2" passed="2" failed="0" skipped="0">
  <reporter-output>
  </reporter-output>
  <suite started-at="2023-08-27T19:22:26 IST" name="Suite" finished-at="2023-08-27T19:22:26 IST" duration-ms="51">
    <groups>
      <group name="sanity  Testing">
        <method signature="TestNgGroupingDemo.tc2()[pri:0, instance:com.SeleniumBasics.TestNgGroupingDemo@13c9d689]" name="tc2" class="com.SeleniumBasics.TestNgGroupingDemo"/>
      </group> <!-- sanity  Testing -->
      <group name="UAT testing">
        <method signature="TestNgGroupingDemo.tc3()[pri:0, instance:com.SeleniumBasics.TestNgGroupingDemo@13c9d689]" name="tc3" class="com.SeleniumBasics.TestNgGroupingDemo"/>
      </group> <!-- UAT testing -->
    </groups>
    <test started-at="2023-08-27T19:22:26 IST" name="Test" finished-at="2023-08-27T19:22:26 IST" duration-ms="51">
      <class name="com.SeleniumBasics.TestNgGroupingDemo">
        <test-method signature="tc2()[pri:0, instance:com.SeleniumBasics.TestNgGroupingDemo@13c9d689]" started-at="2023-08-27T19:22:26 IST" name="tc2" finished-at="2023-08-27T19:22:26 IST" duration-ms="9" status="PASS">
          <reporter-output>
          </reporter-output>
        </test-method> <!-- tc2 -->
        <test-method signature="tc3()[pri:0, instance:com.SeleniumBasics.TestNgGroupingDemo@13c9d689]" started-at="2023-08-27T19:22:26 IST" name="tc3" finished-at="2023-08-27T19:22:26 IST" duration-ms="2" status="PASS">
          <reporter-output>
          </reporter-output>
        </test-method> <!-- tc3 -->
      </class> <!-- com.SeleniumBasics.TestNgGroupingDemo -->
    </test> <!-- Test -->
  </suite> <!-- Suite -->
</testng-results>
